#
# There is insufficient memory for the Java Runtime Environment to continue.
# Native memory allocation (malloc) failed to allocate 32744 bytes for ChunkPool::allocate
# Possible reasons:
#   The system is out of physical RAM or swap space
#   The process is running with CompressedOops enabled, and the Java Heap may be blocking the growth of the native heap
# Possible solutions:
#   Reduce memory load on the system
#   Increase physical memory or swap space
#   Check if swap backing store is full
#   Decrease Java heap size (-Xmx/-Xms)
#   Decrease number of Java threads
#   Decrease Java thread stack sizes (-Xss)
#   Set larger code cache with -XX:ReservedCodeCacheSize=
#   JVM is running with Unscaled Compressed Oops mode in which the Java heap is
#     placed in the first 4GB address space. The Java Heap base address is the
#     maximum limit for the native heap growth. Please use -XX:HeapBaseMinAddress
#     to set the Java Heap base and to place the Java Heap above 4GB virtual address.
# This output file may be truncated or incomplete.
#
#  Out of Memory Error (allocation.cpp:272), pid=19200, tid=0x00000000000028c8
#
# JRE version: OpenJDK Runtime Environment (8.0_242-b01) (build 1.8.0_242-release-1644-b01)
# Java VM: OpenJDK 64-Bit Server VM (25.242-b01 mixed mode windows-amd64 compressed oops)
# Failed to write core dump. Minidumps are not enabled by default on client versions of Windows
#

---------------  T H R E A D  ---------------

Current thread (0x00000000168b4000):  JavaThread "C2 CompilerThread1" daemon [_thread_in_vm, id=10440, stack(0x0000000018000000,0x0000000018100000)]

Stack: [0x0000000018000000,0x0000000018100000]
[error occurred during error reporting (printing stack bounds), id 0xc0000005]

Native frames: (J=compiled Java code, j=interpreted, Vv=VM code, C=native code)


Current CompileTask:
C2:1447109 4075       4       java.net.URLClassLoader$1::run (5 bytes)


---------------  P R O C E S S  ---------------

Java Threads: ( => current thread )
  0x0000000019da3800 JavaThread "Build operations Thread 4" [_thread_blocked, id=20816, stack(0x000000001ffc0000,0x00000000200c0000)]
  0x0000000019da6000 JavaThread "Build operations Thread 3" [_thread_blocked, id=21000, stack(0x000000001fec0000,0x000000001ffc0000)]
  0x0000000019da4800 JavaThread "Build operations Thread 2" [_thread_blocked, id=21004, stack(0x000000001fdc0000,0x000000001fec0000)]
  0x0000000019da7800 JavaThread "Build operations" [_thread_blocked, id=13352, stack(0x000000001a510000,0x000000001a610000)]
  0x000000001927a000 JavaThread "Cache worker for file content cache (C:\Users\E\.gradle\caches\6.5\fileContent)" [_thread_blocked, id=20036, stack(0x000000001e6f0000,0x000000001e7f0000)]
  0x0000000019278800 JavaThread "Cache worker for execution history cache (C:\Users\E\.gradle\caches\6.5\executionHistory)" [_thread_blocked, id=21252, stack(0x000000001def0000,0x000000001dff0000)]
  0x0000000019278000 JavaThread "Cache worker for cache directory md-rule (C:\Users\E\.gradle\caches\6.5\md-rule)" [_thread_blocked, id=21172, stack(0x000000001ddf0000,0x000000001def0000)]
  0x000000001927b800 JavaThread "Cache worker for cache directory md-supplier (C:\Users\E\.gradle\caches\6.5\md-supplier)" [_thread_blocked, id=12280, stack(0x000000001a410000,0x000000001a510000)]
  0x0000000019277000 JavaThread "Cache worker for checksums cache (C:\Users\E\AndroidStudioProjects\QR-Electronic-Payment11\8\2020\.gradle\checksums)" [_thread_blocked, id=7468, stack(0x000000001b050000,0x000000001b150000)]
  0x0000000019275000 JavaThread "Cache worker for file hash cache (C:\Users\E\AndroidStudioProjects\QR-Electronic-Payment11\8\2020\.gradle\6.5\fileHashes)" [_thread_blocked, id=9240, stack(0x000000001daf0000,0x000000001dbf0000)]
  0x000000001927b000 JavaThread "Cache worker for file hash cache (C:\Users\E\.gradle\caches\6.5\fileHashes)" [_thread_blocked, id=20700, stack(0x000000001d5f0000,0x000000001d6f0000)]
  0x0000000019276800 JavaThread "File lock request listener" [_thread_in_native, id=13632, stack(0x000000001d4f0000,0x000000001d5f0000)]
  0x000000001c4e0000 JavaThread "Cache worker for journal cache (C:\Users\E\.gradle\caches\journal-1)" [_thread_blocked, id=13952, stack(0x0000000019fd0000,0x000000001a0d0000)]
  0x00000000182d7000 JavaThread "Thread-9" [_thread_blocked, id=20664, stack(0x000000001b150000,0x000000001b250000)]
  0x00000000183e7000 JavaThread "Asynchronous log dispatcher for DefaultDaemonConnection: socket connection from /127.0.0.1:56847 to /127.0.0.1:56848" [_thread_blocked, id=18440, stack(0x000000001af50000,0x000000001b050000)]
  0x0000000019763000 JavaThread "Daemon worker" [_thread_blocked, id=7824, stack(0x000000001ae50000,0x000000001af50000)]
  0x00000000185d1000 JavaThread "Cancel handler" [_thread_blocked, id=16960, stack(0x000000001ad50000,0x000000001ae50000)]
  0x000000001848b800 JavaThread "Handler for socket connection from /127.0.0.1:56847 to /127.0.0.1:56848" [_thread_in_native, id=19216, stack(0x000000001ac50000,0x000000001ad50000)]
  0x0000000018dea800 JavaThread "Daemon" [_thread_blocked, id=19532, stack(0x000000001ab50000,0x000000001ac50000)]
  0x0000000018dea000 JavaThread "Daemon periodic checks" [_thread_blocked, id=19116, stack(0x000000001a850000,0x000000001a950000)]
  0x0000000018e6c800 JavaThread "Incoming local TCP Connector on port 56847" [_thread_in_native, id=20648, stack(0x000000001a610000,0x000000001a710000)]
  0x000000001855a000 JavaThread "Daemon health stats" [_thread_blocked, id=1232, stack(0x0000000001250000,0x0000000001350000)]
  0x0000000018228800 JavaThread "Service Thread" daemon [_thread_blocked, id=20524, stack(0x0000000018600000,0x0000000018700000)]
  0x00000000168b9800 JavaThread "C1 CompilerThread2" daemon [_thread_blocked, id=19556, stack(0x0000000018100000,0x0000000018200000)]
=>0x00000000168b4000 JavaThread "C2 CompilerThread1" daemon [_thread_in_vm, id=10440, stack(0x0000000018000000,0x0000000018100000)]
  0x00000000168a8800 JavaThread "C2 CompilerThread0" daemon [_thread_blocked, id=5764, stack(0x0000000017f00000,0x0000000018000000)]
  0x00000000168a7000 JavaThread "Attach Listener" daemon [_thread_blocked, id=20412, stack(0x0000000017e00000,0x0000000017f00000)]
  0x00000000168a5800 JavaThread "Signal Dispatcher" daemon [_thread_blocked, id=18676, stack(0x0000000017d00000,0x0000000017e00000)]
  0x0000000002f2b800 JavaThread "Finalizer" daemon [_thread_blocked, id=3968, stack(0x0000000017b00000,0x0000000017c00000)]
  0x0000000016889000 JavaThread "Reference Handler" daemon [_thread_blocked, id=19628, stack(0x0000000017a00000,0x0000000017b00000)]
  0x0000000002e2e000 JavaThread "main" [_thread_blocked, id=14304, stack(0x0000000002c30000,0x0000000002d30000)]

Other Threads:
  0x0000000016866800 VMThread [stack: 0x0000000017900000,0x0000000017a00000] [id=10380]
  0x00000000168fd000 WatcherThread [stack: 0x0000000018700000,0x0000000018800000] [id=20528]

VM state:synchronizing (normal execution)

VM Mutex/Monitor currently owned by a thread:  ([mutex/lock_event])
[0x0000000002e2da80] Threads_lock - owner thread: 0x0000000016866800

OutOfMemory and StackOverflow Exception counts:
OutOfMemoryError java_heap_errors=5

heap address: 0x00000000a0000000, size: 1536 MB, Compressed Oops mode: 32-bit
Narrow klass base: 0x0000000000000000, Narrow klass shift: 3
Compressed class space size: 1073741824 Address: 0x0000000100000000

Heap:
 PSYoungGen      total 35328K, used 17479K [0x00000000e0000000, 0x00000000e2c80000, 0x0000000100000000)
  eden space 27136K, 50% used [0x00000000e0000000,0x00000000e0d69cb0,0x00000000e1a80000)
  from space 8192K, 45% used [0x00000000e2480000,0x00000000e2828030,0x00000000e2c80000)
  to   space 9216K, 0% used [0x00000000e1a80000,0x00000000e1a80000,0x00000000e2380000)
 ParOldGen       total 49664K, used 13334K [0x00000000a0000000, 0x00000000a3080000, 0x00000000e0000000)
  object space 49664K, 26% used [0x00000000a0000000,0x00000000a0d05a80,0x00000000a3080000)
 Metaspace       used 36835K, capacity 38320K, committed 38360K, reserved 1083392K
  class space    used 5042K, capacity 5355K, committed 5376K, reserved 1048576K

Card table byte_map: [0x00000000122f0000,0x0000000012600000] byte_map_base: 0x0000000011df0000

Marking Bits: (ParMarkBitMap*) 0x000000005090f030
 Begin Bits: [0x0000000012c00000, 0x0000000014400000)
 End Bits:   [0x0000000014400000, 0x0000000015c00000)

Polling page: 0x0000000001370000

CodeCache: size=245760Kb used=11794Kb max_used=11794Kb free=233965Kb
 bounds [0x0000000002f30000, 0x0000000003ad0000, 0x0000000011f30000]
 total_blobs=4304 nmethods=3601 adapters=616
 compilation: enabled

Compilation events (10 events):
Event: 1434.354 Thread 0x00000000168b9800 nmethod 4070 0x0000000003aba450 code [0x0000000003aba5c0, 0x0000000003aba748]
Event: 1434.546 Thread 0x00000000168b9800 4071 %     3       java.io.ObjectOutputStream$BlockDataOutputStream::getUTFLength @ 47 (124 bytes)
Event: 1434.546 Thread 0x00000000168b9800 nmethod 4071% 0x0000000003abb850 code [0x0000000003abba00, 0x0000000003abc148]
Event: 1434.546 Thread 0x00000000168b9800 4073       3       com.esotericsoftware.kryo.io.Output::writeBytes (90 bytes)
Event: 1434.547 Thread 0x00000000168b9800 nmethod 4073 0x0000000003abe490 code [0x0000000003abe640, 0x0000000003abec28]
Event: 1434.547 Thread 0x00000000168b9800 4072       3       org.gradle.internal.serialize.kryo.KryoBackedEncoder::writeBytes (11 bytes)
Event: 1434.547 Thread 0x00000000168b9800 nmethod 4072 0x0000000003abb450 code [0x0000000003abb5c0, 0x0000000003abb768]
Event: 1434.547 Thread 0x00000000168b9800 4074       3       java.io.ObjectOutputStream$BlockDataOutputStream::getUTFLength (124 bytes)
Event: 1434.547 Thread 0x00000000168b9800 nmethod 4074 0x0000000003abd950 code [0x0000000003abdb00, 0x0000000003abe1a8]
Event: 1435.360 Thread 0x00000000168b4000 4075       4       java.net.URLClassLoader$1::run (5 bytes)

GC Heap History (10 events):
Event: 270.649 GC heap before
{Heap before GC invocations=14 (full 1):
 PSYoungGen      total 38912K, used 5559K [0x00000000e0000000, 0x00000000e3080000, 0x0000000100000000)
  eden space 29184K, 11% used [0x00000000e0000000,0x00000000e0345550,0x00000000e1c80000)
  from space 9728K, 22% used [0x00000000e2700000,0x00000000e2928a78,0x00000000e3080000)
  to   space 10240K, 0% used [0x00000000e1c80000,0x00000000e1c80000,0x00000000e2680000)
 ParOldGen       total 43520K, used 12384K [0x00000000a0000000, 0x00000000a2a80000, 0x00000000e0000000)
  object space 43520K, 28% used [0x00000000a0000000,0x00000000a0c18348,0x00000000a2a80000)
 Metaspace       used 34274K, capacity 35380K, committed 35416K, reserved 1079296K
  class space    used 4714K, capacity 4969K, committed 4992K, reserved 1048576K
Event: 270.651 GC heap after
Heap after GC invocations=14 (full 1):
 PSYoungGen      total 38912K, used 288K [0x00000000e0000000, 0x00000000e3100000, 0x0000000100000000)
  eden space 28672K, 0% used [0x00000000e0000000,0x00000000e0000000,0x00000000e1c00000)
  from space 10240K, 2% used [0x00000000e1c80000,0x00000000e1cc8000,0x00000000e2680000)
  to   space 10752K, 0% used [0x00000000e2680000,0x00000000e2680000,0x00000000e3100000)
 ParOldGen       total 43520K, used 13328K [0x00000000a0000000, 0x00000000a2a80000, 0x00000000e0000000)
  object space 43520K, 30% used [0x00000000a0000000,0x00000000a0d04348,0x00000000a2a80000)
 Metaspace       used 34274K, capacity 35380K, committed 35416K, reserved 1079296K
  class space    used 4714K, capacity 4969K, committed 4992K, reserved 1048576K
}
Event: 270.651 GC heap before
{Heap before GC invocations=15 (full 2):
 PSYoungGen      total 38912K, used 288K [0x00000000e0000000, 0x00000000e3100000, 0x0000000100000000)
  eden space 28672K, 0% used [0x00000000e0000000,0x00000000e0000000,0x00000000e1c00000)
  from space 10240K, 2% used [0x00000000e1c80000,0x00000000e1cc8000,0x00000000e2680000)
  to   space 10752K, 0% used [0x00000000e2680000,0x00000000e2680000,0x00000000e3100000)
 ParOldGen       total 43520K, used 13328K [0x00000000a0000000, 0x00000000a2a80000, 0x00000000e0000000)
  object space 43520K, 30% used [0x00000000a0000000,0x00000000a0d04348,0x00000000a2a80000)
 Metaspace       used 34274K, capacity 35380K, committed 35416K, reserved 1079296K
  class space    used 4714K, capacity 4969K, committed 4992K, reserved 1048576K
Event: 270.817 GC heap after
Heap after GC invocations=15 (full 2):
 PSYoungGen      total 38912K, used 0K [0x00000000e0000000, 0x00000000e3100000, 0x0000000100000000)
  eden space 28672K, 0% used [0x00000000e0000000,0x00000000e0000000,0x00000000e1c00000)
  from space 10240K, 0% used [0x00000000e1c80000,0x00000000e1c80000,0x00000000e2680000)
  to   space 10752K, 0% used [0x00000000e2680000,0x00000000e2680000,0x00000000e3100000)
 ParOldGen       total 49664K, used 13310K [0x00000000a0000000, 0x00000000a3080000, 0x00000000e0000000)
  object space 49664K, 26% used [0x00000000a0000000,0x00000000a0cffa80,0x00000000a3080000)
 Metaspace       used 34274K, capacity 35380K, committed 35416K, reserved 1079296K
  class space    used 4714K, capacity 4969K, committed 4992K, reserved 1048576K
}
Event: 296.353 GC heap before
{Heap before GC invocations=16 (full 2):
 PSYoungGen      total 38912K, used 28672K [0x00000000e0000000, 0x00000000e3100000, 0x0000000100000000)
  eden space 28672K, 100% used [0x00000000e0000000,0x00000000e1c00000,0x00000000e1c00000)
  from space 10240K, 0% used [0x00000000e1c80000,0x00000000e1c80000,0x00000000e2680000)
  to   space 10752K, 0% used [0x00000000e2680000,0x00000000e2680000,0x00000000e3100000)
 ParOldGen       total 49664K, used 13310K [0x00000000a0000000, 0x00000000a3080000, 0x00000000e0000000)
  object space 49664K, 26% used [0x00000000a0000000,0x00000000a0cffa80,0x00000000a3080000)
 Metaspace       used 35734K, capacity 36962K, committed 37208K, reserved 1081344K
  class space    used 4898K, capacity 5202K, committed 5248K, reserved 1048576K
Event: 296.356 GC heap after
Heap after GC invocations=16 (full 2):
 PSYoungGen      total 37376K, used 2755K [0x00000000e0000000, 0x00000000e2f80000, 0x0000000100000000)
  eden space 28160K, 0% used [0x00000000e0000000,0x00000000e0000000,0x00000000e1b80000)
  from space 9216K, 29% used [0x00000000e2680000,0x00000000e2930c98,0x00000000e2f80000)
  to   space 10240K, 0% used [0x00000000e1b80000,0x00000000e1b80000,0x00000000e2580000)
 ParOldGen       total 49664K, used 13318K [0x00000000a0000000, 0x00000000a3080000, 0x00000000e0000000)
  object space 49664K, 26% used [0x00000000a0000000,0x00000000a0d01a80,0x00000000a3080000)
 Metaspace       used 35734K, capacity 36962K, committed 37208K, reserved 1081344K
  class space    used 4898K, capacity 5202K, committed 5248K, reserved 1048576K
}
Event: 500.460 GC heap before
{Heap before GC invocations=17 (full 2):
 PSYoungGen      total 37376K, used 30915K [0x00000000e0000000, 0x00000000e2f80000, 0x0000000100000000)
  eden space 28160K, 100% used [0x00000000e0000000,0x00000000e1b80000,0x00000000e1b80000)
  from space 9216K, 29% used [0x00000000e2680000,0x00000000e2930c98,0x00000000e2f80000)
  to   space 10240K, 0% used [0x00000000e1b80000,0x00000000e1b80000,0x00000000e2580000)
 ParOldGen       total 49664K, used 13318K [0x00000000a0000000, 0x00000000a3080000, 0x00000000e0000000)
  object space 49664K, 26% used [0x00000000a0000000,0x00000000a0d01a80,0x00000000a3080000)
 Metaspace       used 36458K, capacity 37864K, committed 38104K, reserved 1081344K
  class space    used 4997K, capacity 5325K, committed 5376K, reserved 1048576K
Event: 500.473 GC heap after
Heap after GC invocations=17 (full 2):
 PSYoungGen      total 31232K, used 3394K [0x00000000e0000000, 0x00000000e2e00000, 0x0000000100000000)
  eden space 27648K, 0% used [0x00000000e0000000,0x00000000e0000000,0x00000000e1b00000)
  from space 3584K, 94% used [0x00000000e1b80000,0x00000000e1ed0b28,0x00000000e1f00000)
  to   space 9728K, 0% used [0x00000000e2480000,0x00000000e2480000,0x00000000e2e00000)
 ParOldGen       total 49664K, used 13326K [0x00000000a0000000, 0x00000000a3080000, 0x00000000e0000000)
  object space 49664K, 26% used [0x00000000a0000000,0x00000000a0d03a80,0x00000000a3080000)
 Metaspace       used 36458K, capacity 37864K, committed 38104K, reserved 1081344K
  class space    used 4997K, capacity 5325K, committed 5376K, reserved 1048576K
}
Event: 1192.961 GC heap before
{Heap before GC invocations=18 (full 2):
 PSYoungGen      total 31232K, used 31042K [0x00000000e0000000, 0x00000000e2e00000, 0x0000000100000000)
  eden space 27648K, 100% used [0x00000000e0000000,0x00000000e1b00000,0x00000000e1b00000)
  from space 3584K, 94% used [0x00000000e1b80000,0x00000000e1ed0b28,0x00000000e1f00000)
  to   space 9728K, 0% used [0x00000000e2480000,0x00000000e2480000,0x00000000e2e00000)
 ParOldGen       total 49664K, used 13326K [0x00000000a0000000, 0x00000000a3080000, 0x00000000e0000000)
  object space 49664K, 26% used [0x00000000a0000000,0x00000000a0d03a80,0x00000000a3080000)
 Metaspace       used 36607K, capacity 38096K, committed 38360K, reserved 1083392K
  class space    used 5011K, capacity 5333K, committed 5376K, reserved 1048576K
Event: 1199.388 GC heap after
Heap after GC invocations=18 (full 2):
 PSYoungGen      total 35328K, used 3744K [0x00000000e0000000, 0x00000000e2c80000, 0x0000000100000000)
  eden space 27136K, 0% used [0x00000000e0000000,0x00000000e0000000,0x00000000e1a80000)
  from space 8192K, 45% used [0x00000000e2480000,0x00000000e2828030,0x00000000e2c80000)
  to   space 9216K, 0% used [0x00000000e1a80000,0x00000000e1a80000,0x00000000e2380000)
 ParOldGen       total 49664K, used 13334K [0x00000000a0000000, 0x00000000a3080000, 0x00000000e0000000)
  object space 49664K, 26% used [0x00000000a0000000,0x00000000a0d05a80,0x00000000a3080000)
 Metaspace       used 36607K, capacity 38096K, committed 38360K, reserved 1083392K
  class space    used 5011K, capacity 5333K, committed 5376K, reserved 1048576K
}

Deoptimization events (10 events):
Event: 259.399 Thread 0x0000000019763000 Uncommon trap: reason=range_check action=make_not_entrant pc=0x00000000037c1ac8 method=java.lang.String.charAt(I)C @ 27
Event: 298.175 Thread 0x0000000019763000 Uncommon trap: reason=unstable_if action=reinterpret pc=0x00000000032f8634 method=java.lang.String.lastIndexOf([CII[CIII)I @ 118
Event: 298.213 Thread 0x0000000019da7800 Uncommon trap: reason=unstable_if action=reinterpret pc=0x00000000037d5130 method=java.util.concurrent.locks.AbstractQueuedSynchronizer.acquireQueued(Ljava/util/concurrent/locks/AbstractQueuedSynchronizer$Node;I)Z @ 25
Event: 298.218 Thread 0x0000000019da4800 Uncommon trap: reason=class_check action=maybe_recompile pc=0x000000000343599c method=java.util.concurrent.ConcurrentHashMap.putVal(Ljava/lang/Object;Ljava/lang/Object;Z)Ljava/lang/Object; @ 192
Event: 298.220 Thread 0x0000000019da7800 Uncommon trap: reason=unstable_if action=reinterpret pc=0x00000000035794a0 method=java.util.concurrent.locks.AbstractQueuedSynchronizer$ConditionObject.addConditionWaiter()Ljava/util/concurrent/locks/AbstractQueuedSynchronizer$Node; @ 15
Event: 507.620 Thread 0x0000000018cb0800 Uncommon trap: reason=unstable_if action=reinterpret pc=0x000000000309f29c method=java.util.concurrent.SynchronousQueue$TransferStack.shouldSpin(Ljava/util/concurrent/SynchronousQueue$TransferStack$SNode;)Z @ 7
Event: 507.621 Thread 0x0000000019db0000 Uncommon trap: reason=unstable_if action=reinterpret pc=0x000000000309f29c method=java.util.concurrent.SynchronousQueue$TransferStack.shouldSpin(Ljava/util/concurrent/SynchronousQueue$TransferStack$SNode;)Z @ 7
Event: 969.322 Thread 0x0000000019763000 Uncommon trap: reason=unstable_if action=reinterpret pc=0x00000000032b2e04 method=java.util.jar.JarFile.match([C[B[I[I)Z @ 29
Event: 1427.218 Thread 0x0000000019763000 Uncommon trap: reason=unstable_if action=reinterpret pc=0x0000000003263110 method=java.util.regex.Pattern.has(I)Z @ 6
Event: 1433.460 Thread 0x00000000182d7000 Uncommon trap: reason=unstable_if action=reinterpret pc=0x0000000003418410 method=java.util.concurrent.LinkedBlockingQueue.poll(JLjava/util/concurrent/TimeUnit;)Ljava/lang/Object; @ 35

Classes redefined (0 events):
No events

Internal exceptions (10 events):
Event: 1369.209 Thread 0x0000000019763000 Exception <a 'java/lang/OutOfMemoryError'> (0x00000000e069b4c8) thrown at [C:\src\AOSP-openjdk-git\hotspot\src\share\vm\prims\jvm.cpp, line 1506]
Event: 1433.857 Thread 0x00000000182d7000 Exception <a 'java/lang/NoSuchMethodError': <clinit>> (0x00000000e0cfb250) thrown at [C:\src\AOSP-openjdk-git\hotspot\src\share\vm\prims\jni.cpp, line 1615]
Event: 1434.075 Thread 0x00000000182d7000 Exception <a 'java/lang/NoSuchMethodError': <clinit>> (0x00000000e0d19598) thrown at [C:\src\AOSP-openjdk-git\hotspot\src\share\vm\prims\jni.cpp, line 1615]
Event: 1434.075 Thread 0x00000000182d7000 Exception <a 'java/lang/NoSuchMethodError': <clinit>> (0x00000000e0d1afb0) thrown at [C:\src\AOSP-openjdk-git\hotspot\src\share\vm\prims\jni.cpp, line 1615]
Event: 1434.075 Thread 0x00000000182d7000 Exception <a 'java/lang/NoSuchMethodError': <clinit>> (0x00000000e0d1c8a8) thrown at [C:\src\AOSP-openjdk-git\hotspot\src\share\vm\prims\jni.cpp, line 1615]
Event: 1434.075 Thread 0x00000000182d7000 Exception <a 'java/lang/NoSuchMethodError': <clinit>> (0x00000000e0d1dde8) thrown at [C:\src\AOSP-openjdk-git\hotspot\src\share\vm\prims\jni.cpp, line 1615]
Event: 1434.076 Thread 0x00000000182d7000 Exception <a 'java/lang/NoSuchMethodError': <clinit>> (0x00000000e0d28298) thrown at [C:\src\AOSP-openjdk-git\hotspot\src\share\vm\prims\jni.cpp, line 1615]
Event: 1434.077 Thread 0x00000000182d7000 Exception <a 'java/lang/NoSuchMethodError': <clinit>> (0x00000000e0d33280) thrown at [C:\src\AOSP-openjdk-git\hotspot\src\share\vm\prims\jni.cpp, line 1615]
Event: 1434.333 Thread 0x00000000182d7000 Exception <a 'java/lang/NoSuchMethodError': <clinit>> (0x00000000e0d467e0) thrown at [C:\src\AOSP-openjdk-git\hotspot\src\share\vm\prims\jni.cpp, line 1615]
Event: 1434.354 Thread 0x00000000182d7000 Exception <a 'java/lang/NoSuchMethodError': <clinit>> (0x00000000e0d62f98) thrown at [C:\src\AOSP-openjdk-git\hotspot\src\share\vm\prims\jni.cpp, line 1615]

Events (10 events):
Event: 1434.011 loading class org/gradle/internal/exceptions/Contextual done
Event: 1434.210 loading class java/time/Ser
Event: 1434.251 loading class org/gradle/internal/exceptions/ContextAwareException$1
Event: 1434.251 loading class org/gradle/internal/exceptions/ContextAwareException$1 done
Event: 1434.331 loading class java/time/Ser done
Event: 1435.360 loading class org/codehaus/groovy/runtime/StackTraceUtils
Event: 1435.360 loading class org/codehaus/groovy/runtime/StackTraceUtils done
Event: 1435.552 loading class org/apache/groovy/util/SystemUtil
Event: 1435.552 loading class org/apache/groovy/util/SystemUtil done
Event: 1436.040 loading class java/util/logging/LogRecord


Dynamic libraries:
0x00007ff72b660000 - 0x00007ff72b691000 	C:\Program Files\Android\Android Studio\jre\bin\java.exe
0x00007ffe1b830000 - 0x00007ffe1ba26000 	C:\WINDOWS\SYSTEM32\ntdll.dll
0x00007ffe1b5f0000 - 0x00007ffe1b6ad000 	C:\WINDOWS\System32\KERNEL32.DLL
0x00007ffe19480000 - 0x00007ffe19749000 	C:\WINDOWS\System32\KERNELBASE.dll
0x00007ffe19df0000 - 0x00007ffe19e9c000 	C:\WINDOWS\System32\ADVAPI32.dll
0x00007ffe1a2e0000 - 0x00007ffe1a37e000 	C:\WINDOWS\System32\msvcrt.dll
0x00007ffe1a4c0000 - 0x00007ffe1a55c000 	C:\WINDOWS\System32\sechost.dll
0x00007ffe1a560000 - 0x00007ffe1a68b000 	C:\WINDOWS\System32\RPCRT4.dll
0x00007ffe1a820000 - 0x00007ffe1a9c0000 	C:\WINDOWS\System32\USER32.dll
0x00007ffe197b0000 - 0x00007ffe197d2000 	C:\WINDOWS\System32\win32u.dll
0x00007ffe1a9c0000 - 0x00007ffe1a9ea000 	C:\WINDOWS\System32\GDI32.dll
0x00007ffe192f0000 - 0x00007ffe193f9000 	C:\WINDOWS\System32\gdi32full.dll
0x00007ffe190d0000 - 0x00007ffe1916d000 	C:\WINDOWS\System32\msvcp_win.dll
0x00007ffe191f0000 - 0x00007ffe192f0000 	C:\WINDOWS\System32\ucrtbase.dll
0x00007ffe0cde0000 - 0x00007ffe0d07b000 	C:\WINDOWS\WinSxS\amd64_microsoft.windows.common-controls_6595b64144ccf1df_6.0.19041.488_none_ca04af081b815d21\COMCTL32.dll
0x00007ffe1ae60000 - 0x00007ffe1ae90000 	C:\WINDOWS\System32\IMM32.DLL
0x0000000050020000 - 0x00000000500f2000 	C:\Program Files\Android\Android Studio\jre\jre\bin\msvcr100.dll
0x0000000050140000 - 0x000000005098b000 	C:\Program Files\Android\Android Studio\jre\jre\bin\server\jvm.dll
0x00007ffe19de0000 - 0x00007ffe19de8000 	C:\WINDOWS\System32\PSAPI.DLL
0x00007ffe17760000 - 0x00007ffe17769000 	C:\WINDOWS\SYSTEM32\WSOCK32.dll
0x00007ffe1a750000 - 0x00007ffe1a7bb000 	C:\WINDOWS\System32\WS2_32.dll
0x00007ffe0a7d0000 - 0x00007ffe0a7f7000 	C:\WINDOWS\SYSTEM32\WINMM.dll
0x00007ffe156c0000 - 0x00007ffe156ca000 	C:\WINDOWS\SYSTEM32\VERSION.dll
0x00007ffe159a0000 - 0x00007ffe159af000 	C:\Program Files\Android\Android Studio\jre\jre\bin\verify.dll
0x00007ffe0fae0000 - 0x00007ffe0fb09000 	C:\Program Files\Android\Android Studio\jre\jre\bin\java.dll
0x00007ffe0fac0000 - 0x00007ffe0fad6000 	C:\Program Files\Android\Android Studio\jre\jre\bin\zip.dll
0x00007ffe1ae90000 - 0x00007ffe1b5d2000 	C:\WINDOWS\System32\SHELL32.dll
0x00007ffe16f40000 - 0x00007ffe176d5000 	C:\WINDOWS\SYSTEM32\windows.storage.dll
0x00007ffe19ea0000 - 0x00007ffe1a1f6000 	C:\WINDOWS\System32\combase.dll
0x00007ffe18910000 - 0x00007ffe1893c000 	C:\WINDOWS\SYSTEM32\Wldp.dll
0x00007ffe1ac80000 - 0x00007ffe1ad2e000 	C:\WINDOWS\System32\SHCORE.dll
0x00007ffe19910000 - 0x00007ffe19965000 	C:\WINDOWS\System32\shlwapi.dll
0x00007ffe18e50000 - 0x00007ffe18e76000 	C:\WINDOWS\SYSTEM32\profapi.dll
0x00007ffe0faa0000 - 0x00007ffe0faba000 	C:\Program Files\Android\Android Studio\jre\jre\bin\net.dll
0x00007ffe18690000 - 0x00007ffe186fa000 	C:\WINDOWS\system32\mswsock.dll
0x00007ffe0ec40000 - 0x00007ffe0ec53000 	C:\Program Files\Android\Android Studio\jre\jre\bin\nio.dll
0x00007ffe0d870000 - 0x00007ffe0d897000 	C:\Users\E\.gradle\native\f6784746aeab05261644944871eae4fe03e0ef1612fff0a4a95f87b438bc6780\windows-amd64\native-platform.dll
0x00007ffe145e0000 - 0x00007ffe145ed000 	C:\Program Files\Android\Android Studio\jre\jre\bin\management.dll
0x00007ffe18860000 - 0x00007ffe18878000 	C:\WINDOWS\SYSTEM32\CRYPTSP.dll
0x00007ffe18020000 - 0x00007ffe18054000 	C:\WINDOWS\system32\rsaenh.dll
0x00007ffe19400000 - 0x00007ffe19427000 	C:\WINDOWS\System32\bcrypt.dll
0x00007ffe18df0000 - 0x00007ffe18e1e000 	C:\WINDOWS\SYSTEM32\USERENV.dll
0x00007ffe19170000 - 0x00007ffe191f0000 	C:\WINDOWS\System32\bcryptprimitives.dll
0x00007ffe18880000 - 0x00007ffe1888c000 	C:\WINDOWS\SYSTEM32\CRYPTBASE.dll
0x00007ffe18380000 - 0x00007ffe183bb000 	C:\WINDOWS\SYSTEM32\IPHLPAPI.DLL
0x00007ffe1a9f0000 - 0x00007ffe1a9f8000 	C:\WINDOWS\System32\NSI.dll
0x00007ffe10cd0000 - 0x00007ffe10ce7000 	C:\WINDOWS\SYSTEM32\dhcpcsvc6.DLL
0x00007ffe11830000 - 0x00007ffe1184d000 	C:\WINDOWS\SYSTEM32\dhcpcsvc.DLL
0x00007ffe183c0000 - 0x00007ffe1848b000 	C:\WINDOWS\SYSTEM32\DNSAPI.dll
0x00007ffe13570000 - 0x00007ffe1357b000 	C:\WINDOWS\SYSTEM32\WINNSI.DLL

VM Arguments:
jvm_args: -Xmx1536m -Dfile.encoding=windows-1252 -Duser.country=US -Duser.language=en -Duser.variant 
java_command: org.gradle.launcher.daemon.bootstrap.GradleDaemon 6.5
java_class_path (initial): C:\Users\E\.gradle\wrapper\dists\gradle-6.5-bin\6nifqtx7604sqp1q6g8wikw7p\gradle-6.5\lib\gradle-launcher-6.5.jar
Launcher Type: SUN_STANDARD

Environment Variables:
JAVA_HOME=C:\Program Files\Java\jdk1.8.0_131
PATH=C:\ProgramData\Oracle\Java\javapath;C:\Windows\system32;C:\Windows;C:\Windows\System32\Wbem;C:\Windows\System32\WindowsPowerShell\v1.0\;C:\Windows\System32\OpenSSH\;C:\Program Files\NVIDIA Corporation\NVIDIA NvDLISR;C:\Program Files\dotnet\;C:\Program Files\Microsoft SQL Server\130\Tools\Binn\;C:\Program Files\Microsoft SQL Server\Client SDK\ODBC\170\Tools\Binn\;C:\Program Files\Microsoft SQL Server\Client SDK\ODBC\110\Tools\Binn\;C:\Program Files (x86)\Microsoft SQL Server\120\Tools\Binn\;C:\Program Files\Microsoft SQL Server\120\Tools\Binn\;C:\Program Files\Microsoft SQL Server\120\DTS\Binn\;C:\Program Files (x86)\Microsoft SQL Server\100\Tools\Binn\;C:\Program Files (x86)\Microsoft SQL Server\100\DTS\Binn\;C:\Program Files (x86)\Microsoft SQL Server\100\Tools\Binn\VSShell\Common7\IDE\;C:\Program Files (x86)\Microsoft Visual Studio 9.0\Common7\IDE\PrivateAssemblies\;C:\WINDOWS\system32;C:\WINDOWS;C:\WINDOWS\System32\Wbem;C:\WINDOWS\System32\WindowsPowerShell\v1.0\;C:\WINDOWS\System32\OpenSSH\;C:\Program Files (x86)\NVIDIA Corporation\PhysX\Common;C:\Program Files\Git\cmd;C:\WINDOWS\system32;C:\WINDOWS;C:\WINDOWS\System32\Wbem;C:\WINDOWS\System32\WindowsPowerShell\v1.0\;C:\WINDOWS\System32\OpenSSH\;C:\Users\E\AppData\Local\Microsoft\WindowsApps;C:\Users\E\AppData\Local\GitHubDesktop\bin;C:\Users\E\AppData\Local\Microsoft\WindowsApps;C:\Windows\SysWow64\;
USERNAME=E
OS=Windows_NT
PROCESSOR_IDENTIFIER=Intel64 Family 6 Model 78 Stepping 3, GenuineIntel



---------------  S Y S T E M  ---------------

OS: Windows 10.0 , 64 bit Build 19041 (10.0.19041.662)

CPU:total 4 (initial active 4) (2 cores per cpu, 2 threads per core) family 6 model 78 stepping 3, cmov, cx8, fxsr, mmx, sse, sse2, sse3, ssse3, sse4.1, sse4.2, popcnt, avx, avx2, aes, clmul, erms, 3dnowpref, lzcnt, ht, tsc, tscinvbit, bmi1, bmi2, adx

Memory: 4k page, physical 8275872k(415976k free), swap 33441696k(6732k free)

vm_info: OpenJDK 64-Bit Server VM (25.242-b01) for windows-amd64 JRE (1.8.0_242-release-1644-b01), built by "builder" with MS VC++ 10.0 (VS2010)

time: Fri Jan 08 19:05:35 2021
timezone: E. Africa Standard Time
elapsed time: 1447 seconds (0d 0h 24m 7s)

